<?xml version="1.0" encoding="UTF-8"?>
<!-- Generated by org.testng.reporters.JUnitReportReporter -->
<testsuite skipped="0" hostname="Sudipas-MacBook-Pro.local" name="SampleTest" tests="2" failures="0" timestamp="2021-09-24T13:01:24 IST" time="0.002" errors="0">
  <testcase name="test2" time="0.000" classname="SampleTest"/>
  <system-out/>
  <testcase name="test1" time="0.002" classname="SampleTest"/>
  <system-out/>
</testsuite> <!-- SampleTest -->
