<?xml version="1.0" encoding="UTF-8"?>
<!-- Generated by org.testng.reporters.JUnitReportReporter -->
<testsuite skipped="0" hostname="Sudipas-MacBook-Pro.local" name="SampleTest" tests="1" failures="0" timestamp="2021-09-24T12:41:41 IST" time="0.003" errors="0">
  <testcase name="test1" time="0.003" classname="SampleTest"/>
  <system-out/>
</testsuite> <!-- SampleTest -->
